This is pdfTeX, Version 3.141592653-2.6-1.40.26 (TeX Live 2024) (preloaded format=pdflatex 2024.5.30)  23 NOV 2024 19:56
entering extended mode
 restricted \write18 enabled.
 file:line:error style messages enabled.
 %&-line parsing enabled.
**/Users/ismail/optimisation/CR/CR.tex
(/Users/ismail/optimisation/CR/CR.tex
LaTeX2e <2023-11-01> patch level 1
L3 programming layer <2024-02-20>
(/usr/local/texlive/2024/texmf-dist/tex/latex/base/article.cls
Document Class: article 2023/05/17 v1.4n Standard LaTeX document class
(/usr/local/texlive/2024/texmf-dist/tex/latex/base/size12.clo
File: size12.clo 2023/05/17 v1.4n Standard LaTeX file (size option)
)
\c@part=\count188
\c@section=\count189
\c@subsection=\count190
\c@subsubsection=\count191
\c@paragraph=\count192
\c@subparagraph=\count193
\c@figure=\count194
\c@table=\count195
\abovecaptionskip=\skip48
\belowcaptionskip=\skip49
\bibindent=\dimen140
) (/usr/local/texlive/2024/texmf-dist/tex/latex/base/fontenc.sty
Package: fontenc 2021/04/29 v2.0v Standard LaTeX package
) (/usr/local/texlive/2024/texmf-dist/tex/generic/babel/babel.sty
Package: babel 2024/02/07 v24.2 The Babel package
\babel@savecnt=\count196
\U@D=\dimen141
\l@unhyphenated=\language89
 (/usr/local/texlive/2024/texmf-dist/tex/generic/babel/txtbabel.def)
\bbl@readstream=\read2
\bbl@dirlevel=\count197
 (/usr/local/texlive/2024/texmf-dist/tex/generic/babel-french/french.ldf
Language: french 2024-02-29 v3.5s French support from the babel system
Package babel Info: Hyphen rules for 'acadian' set to \l@french
(babel)             (\language31). Reported on input line 91.
Package babel Info: Hyphen rules for 'canadien' set to \l@french
(babel)             (\language31). Reported on input line 92.
\FB@stdchar=\count198
Package babel Info: Making : an active character on input line 420.
Package babel Info: Making ; an active character on input line 421.
Package babel Info: Making ! an active character on input line 422.
Package babel Info: Making ? an active character on input line 423.
\FBguill@level=\count199
\FBold@everypar=\toks17
\FB@Mht=\dimen142
\mc@charclass=\count266
\mc@charfam=\count267
\mc@charslot=\count268
\std@mcc=\count269
\dec@mcc=\count270
\FB@parskip=\dimen143
\listindentFB=\dimen144
\descindentFB=\dimen145
\labelindentFB=\dimen146
\labelwidthFB=\dimen147
\leftmarginFB=\dimen148
\parindentFFN=\dimen149
\FBfnindent=\dimen150
)) (/usr/local/texlive/2024/texmf-dist/tex/generic/babel/locale/fr/babel-french.tex
Package babel Info: Importing font and identification data for french
(babel)             from babel-fr.ini. Reported on input line 11.
) (/usr/local/texlive/2024/texmf-dist/tex/latex/carlisle/scalefnt.sty) (/usr/local/texlive/2024/texmf-dist/tex/latex/graphics/keyval.sty
Package: keyval 2022/05/29 v1.15 key=value parser (DPC)
\KV@toks@=\toks18
) (/usr/local/texlive/2024/texmf-dist/tex/latex/geometry/geometry.sty
Package: geometry 2020/01/02 v5.9 Page Geometry
 (/usr/local/texlive/2024/texmf-dist/tex/generic/iftex/ifvtex.sty
Package: ifvtex 2019/10/25 v1.7 ifvtex legacy package. Use iftex instead.
 (/usr/local/texlive/2024/texmf-dist/tex/generic/iftex/iftex.sty
Package: iftex 2022/02/03 v1.0f TeX engine tests
))
\Gm@cnth=\count271
\Gm@cntv=\count272
\c@Gm@tempcnt=\count273
\Gm@bindingoffset=\dimen151
\Gm@wd@mp=\dimen152
\Gm@odd@mp=\dimen153
\Gm@even@mp=\dimen154
\Gm@layoutwidth=\dimen155
\Gm@layoutheight=\dimen156
\Gm@layouthoffset=\dimen157
\Gm@layoutvoffset=\dimen158
\Gm@dimlist=\toks19
) (/usr/local/texlive/2024/texmf-dist/tex/latex/graphics/graphicx.sty
Package: graphicx 2021/09/16 v1.2d Enhanced LaTeX Graphics (DPC,SPQR)
 (/usr/local/texlive/2024/texmf-dist/tex/latex/graphics/graphics.sty
Package: graphics 2022/03/10 v1.4e Standard LaTeX Graphics (DPC,SPQR)
 (/usr/local/texlive/2024/texmf-dist/tex/latex/graphics/trig.sty
Package: trig 2021/08/11 v1.11 sin cos tan (DPC)
) (/usr/local/texlive/2024/texmf-dist/tex/latex/graphics-cfg/graphics.cfg
File: graphics.cfg 2016/06/04 v1.11 sample graphics configuration
)
Package graphics Info: Driver file: pdftex.def on input line 107.
 (/usr/local/texlive/2024/texmf-dist/tex/latex/graphics-def/pdftex.def
File: pdftex.def 2022/09/22 v1.2b Graphics/color driver for pdftex
))
\Gin@req@height=\dimen159
\Gin@req@width=\dimen160
) (/usr/local/texlive/2024/texmf-dist/tex/latex/float/float.sty
Package: float 2001/11/08 v1.3d Float enhancements (AL)
\c@float@type=\count274
\float@exts=\toks20
\float@box=\box51
\@float@everytoks=\toks21
\@floatcapt=\box52
) (/usr/local/texlive/2024/texmf-dist/tex/latex/l3backend/l3backend-pdftex.def
File: l3backend-pdftex.def 2024-02-20 L3 backend support: PDF output (pdfTeX)
\l__color_backend_stack_int=\count275
\l__pdf_internal_box=\box53
)
No file CR.aux.
\openout1 = `CR.aux'.

LaTeX Font Info:    Checking defaults for OML/cmm/m/it on input line 21.
LaTeX Font Info:    ... okay on input line 21.
LaTeX Font Info:    Checking defaults for OMS/cmsy/m/n on input line 21.
LaTeX Font Info:    ... okay on input line 21.
LaTeX Font Info:    Checking defaults for OT1/cmr/m/n on input line 21.
LaTeX Font Info:    ... okay on input line 21.
LaTeX Font Info:    Checking defaults for T1/cmr/m/n on input line 21.
LaTeX Font Info:    ... okay on input line 21.
LaTeX Font Info:    Checking defaults for TS1/cmr/m/n on input line 21.
LaTeX Font Info:    ... okay on input line 21.
LaTeX Font Info:    Checking defaults for OMX/cmex/m/n on input line 21.
LaTeX Font Info:    ... okay on input line 21.
LaTeX Font Info:    Checking defaults for U/cmr/m/n on input line 21.
LaTeX Font Info:    ... okay on input line 21.
LaTeX Info: Redefining \degres on input line 21.
LaTeX Info: Redefining \up on input line 21.
*geometry* driver: auto-detecting
*geometry* detected driver: pdftex
*geometry* verbose mode - [ preamble ] result:
* driver: pdftex
* paper: a4paper
* layout: <same size as paper>
* layoutoffset:(h,v)=(0.0pt,0.0pt)
* modes: 
* h-part:(L,W,R)=(72.26999pt, 452.9679pt, 72.26999pt)
* v-part:(T,H,B)=(72.26999pt, 700.50687pt, 72.26999pt)
* \paperwidth=597.50787pt
* \paperheight=845.04684pt
* \textwidth=452.9679pt
* \textheight=700.50687pt
* \oddsidemargin=0.0pt
* \evensidemargin=0.0pt
* \topmargin=-37.0pt
* \headheight=12.0pt
* \headsep=25.0pt
* \topskip=12.0pt
* \footskip=30.0pt
* \marginparwidth=44.0pt
* \marginparsep=10.0pt
* \columnsep=10.0pt
* \skip\footins=10.8pt plus 4.0pt minus 2.0pt
* \hoffset=0.0pt
* \voffset=0.0pt
* \mag=1000
* \@twocolumnfalse
* \@twosidefalse
* \@mparswitchfalse
* \@reversemarginfalse
* (1in=72.27pt=25.4mm, 1cm=28.453pt)

(/usr/local/texlive/2024/texmf-dist/tex/context/base/mkii/supp-pdf.mkii
[Loading MPS to PDF converter (version 2006.09.02).]
\scratchcounter=\count276
\scratchdimen=\dimen161
\scratchbox=\box54
\nofMPsegments=\count277
\nofMParguments=\count278
\everyMPshowfont=\toks22
\MPscratchCnt=\count279
\MPscratchDim=\dimen162
\MPnumerator=\count280
\makeMPintoPDFobject=\count281
\everyMPtoPDFconversion=\toks23
) (/usr/local/texlive/2024/texmf-dist/tex/latex/epstopdf-pkg/epstopdf-base.sty
Package: epstopdf-base 2020-01-24 v2.11 Base part for package epstopdf
Package epstopdf-base Info: Redefining graphics rule for `.eps' on input line 485.
 (/usr/local/texlive/2024/texmf-dist/tex/latex/latexconfig/epstopdf-sys.cfg
File: epstopdf-sys.cfg 2010/07/13 v1.3 Configuration of (r)epstopdf for TeX Live
))

/Users/ismail/optimisation/CR/CR.tex:22: LaTeX Error: Unicode character ̀ (U+0300)
               not set up for use with LaTeX.

See the LaTeX manual or LaTeX Companion for explanation.
Type  H <return>  for immediate help.
 ...                                              
                                                  
l.22 \maketitle
               
You may provide a definition with
\DeclareUnicodeCharacter 

LaTeX Font Info:    External font `cmex10' loaded for size
(Font)              <14.4> on input line 22.
LaTeX Font Info:    External font `cmex10' loaded for size
(Font)              <7> on input line 22.
[1

{/usr/local/texlive/2024/texmf-var/fonts/map/pdftex/updmap/pdftex.map}{/usr/local/texlive/2024/texmf-dist/fonts/enc/dvips/cm-super/cm-super-t1.enc}]
LaTeX Font Info:    External font `cmex10' loaded for size
(Font)              <12> on input line 27.
LaTeX Font Info:    External font `cmex10' loaded for size
(Font)              <8> on input line 27.
LaTeX Font Info:    External font `cmex10' loaded for size
(Font)              <6> on input line 27.
<Q1.2.png, id=11, 561.09625pt x 497.86pt>
File: Q1.2.png Graphic file (type png)
<use Q1.2.png>
Package pdftex.def Info: Q1.2.png  used on input line 43.
(pdftex.def)             Requested size: 203.83417pt x 180.85515pt.
<Q1.1.png, id=13, 561.09625pt x 497.86pt>
File: Q1.1.png Graphic file (type png)
<use Q1.1.png>
Package pdftex.def Info: Q1.1.png  used on input line 49.
(pdftex.def)             Requested size: 203.83417pt x 180.85515pt.
<Q2.png, id=14, 561.09625pt x 497.86pt>
File: Q2.png Graphic file (type png)
<use Q2.png>
Package pdftex.def Info: Q2.png  used on input line 58.
(pdftex.def)             Requested size: 362.37569pt x 321.53125pt.
 [2 <./Q1.2.png> <./Q1.1.png>]
LaTeX Font Info:    Trying to load font information for T1+cmtt on input line 65.
 (/usr/local/texlive/2024/texmf-dist/tex/latex/base/t1cmtt.fd
File: t1cmtt.fd 2023/04/13 v2.5m Standard LaTeX font definitions
)
<Q3.png, id=25, 561.09625pt x 255.95625pt>
File: Q3.png Graphic file (type png)
<use Q3.png>
Package pdftex.def Info: Q3.png  used on input line 72.
(pdftex.def)             Requested size: 362.37569pt x 165.30336pt.
 [3 <./Q2.png>]
<Q4.png, id=33, 146.5475pt x 322.20375pt>
File: Q4.png Graphic file (type png)
<use Q4.png>
Package pdftex.def Info: Q4.png  used on input line 80.
(pdftex.def)             Requested size: 135.89174pt x 298.77617pt.
<Q5.png, id=34, 561.09625pt x 497.86pt>
File: Q5.png Graphic file (type png)
<use Q5.png>
Package pdftex.def Info: Q5.png  used on input line 88.
(pdftex.def)             Requested size: 362.37569pt x 321.53125pt.
 [4 <./Q3.png> <./Q4.png>]
<Q6.1.png, id=40, 561.09625pt x 497.86pt>
File: Q6.1.png Graphic file (type png)
<use Q6.1.png>
Package pdftex.def Info: Q6.1.png  used on input line 96.
(pdftex.def)             Requested size: 362.37569pt x 321.53125pt.
<Q6.2.png, id=41, 1444.39626pt x 877.2775pt>
File: Q6.2.png Graphic file (type png)
<use Q6.2.png>
Package pdftex.def Info: Q6.2.png  used on input line 101.
(pdftex.def)             Requested size: 362.37569pt x 220.09523pt.
 [5 <./Q5.png>] [6 <./Q6.1.png> <./Q6.2.png>]
<Q7.png, id=51, 561.09625pt x 499.8675pt>
File: Q7.png Graphic file (type png)
<use Q7.png>
Package pdftex.def Info: Q7.png  used on input line 109.
(pdftex.def)             Requested size: 362.37569pt x 322.82774pt.
<Q8.1.png, id=52, 561.09625pt x 499.8675pt>
File: Q8.1.png Graphic file (type png)
<use Q8.1.png>
Package pdftex.def Info: Q8.1.png  used on input line 116.
(pdftex.def)             Requested size: 362.37569pt x 322.82774pt.
<Q8.2.png, id=53, 1444.39626pt x 878.28125pt>
File: Q8.2.png Graphic file (type png)
<use Q8.2.png>
Package pdftex.def Info: Q8.2.png  used on input line 121.
(pdftex.def)             Requested size: 362.37569pt x 220.34706pt.
 [7 <./Q7.png>]
<Q9.png, id=59, 1444.39626pt x 878.28125pt>
File: Q9.png Graphic file (type png)
<use Q9.png>
Package pdftex.def Info: Q9.png  used on input line 128.
(pdftex.def)             Requested size: 452.9679pt x 275.42712pt.
 [8 <./Q8.1.png> <./Q8.2.png>]
<Q10.3.png, id=65, 381.425pt x 271.0125pt>
File: Q10.3.png Graphic file (type png)
<use Q10.3.png>
Package pdftex.def Info: Q10.3.png  used on input line 137.
(pdftex.def)             Requested size: 226.48395pt x 160.92154pt.
<Q10.4.png, id=66, 155.58125pt x 321.2pt>
File: Q10.4.png Graphic file (type png)
<use Q10.4.png>
Package pdftex.def Info: Q10.4.png  used on input line 144.
(pdftex.def)             Requested size: 135.89174pt x 280.55429pt.
 [9 <./Q9.png> <./Q10.3.png>]
<Q10.5.png, id=72, 559.08875pt x 499.8675pt>
File: Q10.5.png Graphic file (type png)
<use Q10.5.png>
Package pdftex.def Info: Q10.5.png  used on input line 152.
(pdftex.def)             Requested size: 362.37569pt x 324.00237pt.
 [10 <./Q10.4.png>]
<Q10.6.1.png, id=77, 559.08875pt x 499.8675pt>
File: Q10.6.1.png Graphic file (type png)
<use Q10.6.1.png>
Package pdftex.def Info: Q10.6.1.png  used on input line 160.
(pdftex.def)             Requested size: 362.37569pt x 324.00237pt.
<Q10.6.2.png, id=78, 1443.3925pt x 878.28125pt>
File: Q10.6.2.png Graphic file (type png)
<use Q10.6.2.png>
Package pdftex.def Info: Q10.6.2.png  used on input line 165.
(pdftex.def)             Requested size: 362.37569pt x 220.49448pt.
 [11 <./Q10.5.png>] [12 <./Q10.6.1.png> <./Q10.6.2.png>]
<Q10.7.png, id=88, 562.1pt x 499.8675pt>
File: Q10.7.png Graphic file (type png)
<use Q10.7.png>
Package pdftex.def Info: Q10.7.png  used on input line 173.
(pdftex.def)             Requested size: 362.37569pt x 322.25569pt.
 [13 <./Q10.7.png>] (./CR.aux)
 ***********
LaTeX2e <2023-11-01> patch level 1
L3 programming layer <2024-02-20>
 ***********
 ) 
Here is how much of TeX's memory you used:
 4112 strings out of 474116
 66476 string characters out of 5743682
 1931187 words of memory out of 5000000
 26461 multiletter control sequences out of 15000+600000
 568882 words of font info for 58 fonts, out of 8000000 for 9000
 1141 hyphenation exceptions out of 8191
 57i,8n,65p,768b,428s stack positions out of 10000i,1000n,20000p,200000b,200000s
</usr/local/texlive/2024/texmf-dist/fonts/type1/public/amsfonts/cm/cmmi12.pfb></usr/local/texlive/2024/texmf-dist/fonts/type1/public/amsfonts/cm/cmmi8.pfb></usr/local/texlive/2024/texmf-dist/fonts/type1/public/amsfonts/cm/cmr12.pfb></usr/local/texlive/2024/texmf-dist/fonts/type1/public/amsfonts/cm/cmr8.pfb></usr/local/texlive/2024/texmf-dist/fonts/type1/public/amsfonts/cm/cmsy10.pfb></usr/local/texlive/2024/texmf-dist/fonts/type1/public/amsfonts/cm/cmsy8.pfb></usr/local/texlive/2024/texmf-dist/fonts/type1/public/cm-super/sfbx1440.pfb></usr/local/texlive/2024/texmf-dist/fonts/type1/public/cm-super/sfbx1728.pfb></usr/local/texlive/2024/texmf-dist/fonts/type1/public/cm-super/sfbx2488.pfb></usr/local/texlive/2024/texmf-dist/fonts/type1/public/cm-super/sfcc1200.pfb></usr/local/texlive/2024/texmf-dist/fonts/type1/public/cm-super/sfrm1200.pfb></usr/local/texlive/2024/texmf-dist/fonts/type1/public/cm-super/sfrm1440.pfb></usr/local/texlive/2024/texmf-dist/fonts/type1/public/cm-super/sftt1200.pfb>
Output written on CR.pdf (13 pages, 1951775 bytes).
PDF statistics:
 150 PDF objects out of 1000 (max. 8388607)
 72 compressed objects within 1 object stream
 0 named destinations out of 1000 (max. 500000)
 91 words of extra memory for PDF output out of 10000 (max. 10000000)

